<?xml version="1.0" encoding="UTF-8"?>
<!-- Generated by org.testng.reporters.JUnitXMLReporter -->
<testsuite ignored="1" hostname="Moe" failures="0" tests="3" name="Test1" time="43.026" errors="0" timestamp="2024-05-28T03:19:05 EDT">
  <testcase classname="automate.tests.TestPage" name="runTest" time="7.161"/>
  <testcase classname="automate.tests.TestPage" name="runTest" time="7.307"/>
  <testcase classname="automate.tests.TestPage" name="runTest" time="6.719"/>
  <testcase classname="automate.tests.TestPage" name="orderRun" time="0.0">
    <ignored/>
  </testcase> <!-- orderRun -->
</testsuite> <!-- Test1 -->
