<?xml version="1.0" encoding="UTF-8"?>
<!-- Generated by org.testng.reporters.JUnitXMLReporter -->
<testsuite ignored="4" hostname="Moe" failures="0" tests="0" time="0.013" errors="0" timestamp="2024-05-28T01:05:41 EDT">
  <testcase classname="automate.tests.ErrorValidations" name="productErrorValidation" time="0.0">
    <ignored/>
  </testcase> <!-- productErrorValidation -->
  <testcase classname="automate.tests.TestPage" name="orderRun" time="0.0">
    <ignored/>
  </testcase> <!-- orderRun -->
  <testcase classname="automate.tests.ErrorValidations" name="submitErrors" time="0.0">
    <ignored/>
  </testcase> <!-- submitErrors -->
  <testcase classname="automate.tests.TestPage" name="runTest" time="0.0">
    <ignored/>
  </testcase> <!-- runTest -->
</testsuite>
