<?xml version="1.0" encoding="UTF-8"?>
<!-- Generated by org.testng.reporters.JUnitXMLReporter -->
<testsuite ignored="0" hostname="Moe" failures="0" tests="2" name="Error Validation Test" time="0.012" errors="0" timestamp="2024-05-29T20:22:25 EDT">
  <testcase classname="automate.tests.ErrorValidations" name="loginErrorValidation" time="0.0">
    <skipped/>
  </testcase> <!-- loginErrorValidation -->
  <testcase classname="automate.tests.ErrorValidations" name="productErrorValidation" time="0.001">
    <skipped/>
  </testcase> <!-- productErrorValidation -->
</testsuite> <!-- Error Validation Test -->
