<?xml version="1.0" encoding="UTF-8"?>
<!-- Generated by org.testng.reporters.JUnitXMLReporter -->
<testsuite ignored="1" hostname="Moe" failures="0" tests="3" name="Test1" time="48.187" errors="0" timestamp="2024-05-29T20:51:10 EDT">
  <testcase classname="automate.tests.TestPage" name="runTest" time="8.066"/>
  <testcase classname="automate.tests.TestPage" name="runTest" time="7.203"/>
  <testcase classname="automate.tests.TestPage" name="runTest" time="7.499"/>
  <testcase classname="automate.tests.TestPage" name="orderRun" time="0.0">
    <ignored/>
  </testcase> <!-- orderRun -->
</testsuite> <!-- Test1 -->
